<?xml version="1.0" encoding="UTF-8"?>
<testsuite xmlns:xsi="http://www.w3.org/2001/XMLSchema-instance" xsi:noNamespaceSchemaLocation="https://maven.apache.org/surefire/maven-surefire-plugin/xsd/surefire-test-report-3.0.xsd" version="3.0" name="fr.istic.vv.DateTest" time="0.068" tests="17" errors="0" skipped="0" failures="0">
  <properties>
    <property name="sun.desktop" value="windows"/>
    <property name="awt.toolkit" value="sun.awt.windows.WToolkit"/>
    <property name="java.specification.version" value="11"/>
    <property name="sun.cpu.isalist" value="amd64"/>
    <property name="sun.jnu.encoding" value="Cp1252"/>
    <property name="java.class.path" value="C:\Users\luis\Documents\ESIR\ing2\Semestre1\V&amp;V\TPs\TP2\VV-ESIR-TP3\code\tp3-date\target\test-classes;C:\Users\luis\Documents\ESIR\ing2\Semestre1\V&amp;V\TPs\TP2\VV-ESIR-TP3\code\tp3-date\target\classes;C:\Users\luis\.m2\repository\org\junit\jupiter\junit-jupiter\5.6.2\junit-jupiter-5.6.2.jar;C:\Users\luis\.m2\repository\org\junit\jupiter\junit-jupiter-api\5.6.2\junit-jupiter-api-5.6.2.jar;C:\Users\luis\.m2\repository\org\apiguardian\apiguardian-api\1.1.0\apiguardian-api-1.1.0.jar;C:\Users\luis\.m2\repository\org\opentest4j\opentest4j\1.2.0\opentest4j-1.2.0.jar;C:\Users\luis\.m2\repository\org\junit\platform\junit-platform-commons\1.6.2\junit-platform-commons-1.6.2.jar;C:\Users\luis\.m2\repository\org\junit\jupiter\junit-jupiter-params\5.6.2\junit-jupiter-params-5.6.2.jar;C:\Users\luis\.m2\repository\org\junit\jupiter\junit-jupiter-engine\5.6.2\junit-jupiter-engine-5.6.2.jar;C:\Users\luis\.m2\repository\org\junit\platform\junit-platform-engine\1.6.2\junit-platform-engine-1.6.2.jar;"/>
    <property name="java.vm.vendor" value="Oracle Corporation"/>
    <property name="sun.arch.data.model" value="64"/>
    <property name="user.variant" value=""/>
    <property name="java.vendor.url" value="https://openjdk.java.net/"/>
    <property name="user.timezone" value="Europe/Paris"/>
    <property name="java.vm.specification.version" value="11"/>
    <property name="os.name" value="Windows 11"/>
    <property name="sun.java.launcher" value="SUN_STANDARD"/>
    <property name="user.country" value="US"/>
    <property name="sun.boot.library.path" value="C:\Program Files\Java\jdk-11\bin"/>
    <property name="sun.java.command" value="C:\Users\luis\AppData\Local\Temp\surefire9511513985561519238\surefirebooter5450242815688508880.jar C:\Users\luis\AppData\Local\Temp\surefire9511513985561519238 2023-12-22T20-49-57_551-jvmRun1 surefire550273856706253094tmp surefire_04421247524625005342tmp"/>
    <property name="jdk.debug" value="release"/>
    <property name="surefire.test.class.path" value="C:\Users\luis\Documents\ESIR\ing2\Semestre1\V&amp;V\TPs\TP2\VV-ESIR-TP3\code\tp3-date\target\test-classes;C:\Users\luis\Documents\ESIR\ing2\Semestre1\V&amp;V\TPs\TP2\VV-ESIR-TP3\code\tp3-date\target\classes;C:\Users\luis\.m2\repository\org\junit\jupiter\junit-jupiter\5.6.2\junit-jupiter-5.6.2.jar;C:\Users\luis\.m2\repository\org\junit\jupiter\junit-jupiter-api\5.6.2\junit-jupiter-api-5.6.2.jar;C:\Users\luis\.m2\repository\org\apiguardian\apiguardian-api\1.1.0\apiguardian-api-1.1.0.jar;C:\Users\luis\.m2\repository\org\opentest4j\opentest4j\1.2.0\opentest4j-1.2.0.jar;C:\Users\luis\.m2\repository\org\junit\platform\junit-platform-commons\1.6.2\junit-platform-commons-1.6.2.jar;C:\Users\luis\.m2\repository\org\junit\jupiter\junit-jupiter-params\5.6.2\junit-jupiter-params-5.6.2.jar;C:\Users\luis\.m2\repository\org\junit\jupiter\junit-jupiter-engine\5.6.2\junit-jupiter-engine-5.6.2.jar;C:\Users\luis\.m2\repository\org\junit\platform\junit-platform-engine\1.6.2\junit-platform-engine-1.6.2.jar;"/>
    <property name="sun.cpu.endian" value="little"/>
    <property name="user.home" value="C:\Users\luis"/>
    <property name="user.language" value="en"/>
    <property name="java.specification.vendor" value="Oracle Corporation"/>
    <property name="java.version.date" value="2023-01-17"/>
    <property name="java.home" value="C:\Program Files\Java\jdk-11"/>
    <property name="file.separator" value="\"/>
    <property name="basedir" value="C:\Users\luis\Documents\ESIR\ing2\Semestre1\V&amp;V\TPs\TP2\VV-ESIR-TP3\code\tp3-date"/>
    <property name="java.vm.compressedOopsMode" value="Zero based"/>
    <property name="line.separator" value="&#10;"/>
    <property name="java.specification.name" value="Java Platform API Specification"/>
    <property name="java.vm.specification.vendor" value="Oracle Corporation"/>
    <property name="java.awt.graphicsenv" value="sun.awt.Win32GraphicsEnvironment"/>
    <property name="surefire.real.class.path" value="C:\Users\luis\AppData\Local\Temp\surefire9511513985561519238\surefirebooter5450242815688508880.jar"/>
    <property name="user.script" value=""/>
    <property name="sun.management.compiler" value="HotSpot 64-Bit Tiered Compilers"/>
    <property name="java.runtime.version" value="11.0.18+9-LTS-195"/>
    <property name="user.name" value="luis"/>
    <property name="path.separator" value=";"/>
    <property name="os.version" value="10.0"/>
    <property name="java.runtime.name" value="Java(TM) SE Runtime Environment"/>
    <property name="file.encoding" value="Cp1252"/>
    <property name="java.vm.name" value="Java HotSpot(TM) 64-Bit Server VM"/>
    <property name="java.vendor.version" value="18.9"/>
    <property name="localRepository" value="C:\Users\luis\.m2\repository"/>
    <property name="java.vendor.url.bug" value="https://bugreport.java.com/bugreport/"/>
    <property name="java.io.tmpdir" value="C:\Users\luis\AppData\Local\Temp\"/>
    <property name="java.version" value="11.0.18"/>
    <property name="user.dir" value="C:\Users\luis\Documents\ESIR\ing2\Semestre1\V&amp;V\TPs\TP2\VV-ESIR-TP3\code\tp3-date"/>
    <property name="os.arch" value="amd64"/>
    <property name="java.vm.specification.name" value="Java Virtual Machine Specification"/>
    <property name="java.awt.printerjob" value="sun.awt.windows.WPrinterJob"/>
    <property name="sun.os.patch.level" value=""/>
    <property name="java.library.path" value="C:\Program Files\Java\jdk-11\bin;C:\WINDOWS\Sun\Java\bin;C:\WINDOWS\system32;C:\WINDOWS;C:\Program Files\Python311\Scripts\;C:\Program Files\Java\jdk-11\bin;C:\src\javafx-sdk-21.0.1\bin;C:\Program Files\Python311\;C:\Program Files\Common Files\Oracle\Java\javapath;C:\WINDOWS\system32;C:\WINDOWS;C:\WINDOWS\System32\Wbem;C:\WINDOWS\System32\WindowsPowerShell\v1.0\;C:\WINDOWS\System32\OpenSSH\;C:\Program Files\nodejs\;C:\Program Files\Git\cmd;C:\Program Files\Java\jdk-11\bin;C:\src\flutter\bin;C:\Program Files\dotnet\;C:\Program Files\Microsoft SQL Server\150\Tools\Binn\;C:\Program Files\Microsoft SQL Server\Client SDK\ODBC\170\Tools\Binn\;C:\Users\luis\.dotnet\tool;C:\Users\luis\AppData\Roaming\npm;C:\src\maven\apache-maven-3.9.5\bin;C:\tools\dart-sdk\bin;C:\tmp\sonarqube-10.2.1.78527\bin\windows-x86-64;C:\src\pmd-bin-7.0.0-rc4\bin;C:\Program Files\Java\jdk-17\bin;C:\Users\luis\AppData\Local\Microsoft\WindowsApps;C:\Users\luis\AppData\Local\Programs\Microsoft VS Code\bin;C:\Program Files\JetBrains\IntelliJ IDEA 2022.2\bin;;C:\Users\luis\.dotnet\tools;;."/>
    <property name="java.vendor" value="Oracle Corporation"/>
    <property name="java.vm.info" value="mixed mode"/>
    <property name="java.vm.version" value="11.0.18+9-LTS-195"/>
    <property name="sun.io.unicode.encoding" value="UnicodeLittle"/>
    <property name="java.class.version" value="55.0"/>
  </properties>
  <testcase name="testNextDate_ChangeOfYear" classname="fr.istic.vv.DateTest" time="0.03"/>
  <testcase name="testPreviousDate_ChangeOfMonth" classname="fr.istic.vv.DateTest" time="0.001"/>
  <testcase name="testIsLeapYear_LeapYear" classname="fr.istic.vv.DateTest" time="0.002"/>
  <testcase name="testPreviousDate_SimpleDecrement" classname="fr.istic.vv.DateTest" time="0.001"/>
  <testcase name="testIsLeapYear_NotLeapYear" classname="fr.istic.vv.DateTest" time="0.001"/>
  <testcase name="testPreviousDate_FirstDayOfYear" classname="fr.istic.vv.DateTest" time="0"/>
  <testcase name="testPreviousDate" classname="fr.istic.vv.DateTest" time="0.001"/>
  <testcase name="testIsValidDate_MonthIsInvalid" classname="fr.istic.vv.DateTest" time="0.001"/>
  <testcase name="testPreviousDate_ChangeOfYear" classname="fr.istic.vv.DateTest" time="0"/>
  <testcase name="testCompareTo_AnteriorDate" classname="fr.istic.vv.DateTest" time="0.001"/>
  <testcase name="testNextDate_SimpleIncrement" classname="fr.istic.vv.DateTest" time="0.001"/>
  <testcase name="testNextDate_ChangeOfMonth" classname="fr.istic.vv.DateTest" time="0"/>
  <testcase name="testIsValidDate_DayIsInvalid" classname="fr.istic.vv.DateTest" time="0"/>
  <testcase name="testCompareTo_IdenticalDate" classname="fr.istic.vv.DateTest" time="0"/>
  <testcase name="testCompareTo_PosteriorDate" classname="fr.istic.vv.DateTest" time="0.001"/>
  <testcase name="testIsValidDate_YearIsValid" classname="fr.istic.vv.DateTest" time="0.001"/>
  <testcase name="testNextDate" classname="fr.istic.vv.DateTest" time="0"/>
</testsuite>